|t:|1767193105
|gametype|singles
|player|p1|Player 1||
|player|p2|Player 2||
|gen|9
|tier|[Gen 9] Random Battle
|rule|Species Clause: Limit one of each Pokémon
|rule|HP Percentage Mod: HP is shown in percentages
|rule|Sleep Clause Mod: Limit one foe put to sleep
|rule|Illusion Level Mod: Illusion disguises the Pokémon's true level
|
|t:|1767193105
|teamsize|p1|6
|teamsize|p2|6
|start
|split|p1
|switch|p1a: Grubbin|Grubbin, L95, M|240/240
|switch|p1a: Grubbin|Grubbin, L95, M|100/100
|split|p2
|switch|p2a: Slowbro|Slowbro-Mega, L93, F|324/324
|switch|p2a: Slowbro|Slowbro-Mega, L93, F|100/100
|turn|1
|
|t:|1767193105
|move|p1a: Grubbin|Knock Off|p2a: Slowbro
|-supereffective|p2a: Slowbro
|split|p2
|-damage|p2a: Slowbro|260/324
|-damage|p2a: Slowbro|81/100
|-enditem|p2a: Slowbro|Vile Vial|[from] move: Knock Off|[of] p1a: Grubbin
|move|p2a: Slowbro|Snowscape|p2a: Slowbro
|-weather|Snowscape
|
|-weather|Snowscape|[upkeep]
|upkeep
|turn|2
|
|t:|1767193105
|move|p1a: Grubbin|Knock Off|p2a: Slowbro
|-supereffective|p2a: Slowbro
|split|p2
|-damage|p2a: Slowbro|218/324
|-damage|p2a: Slowbro|68/100
|move|p2a: Slowbro|Snowscape||[still]
|-fail|p2a: Slowbro
|
|-weather|Snowscape|[upkeep]
|upkeep
|turn|3
|
|t:|1767193105
|move|p1a: Grubbin|Knock Off|p2a: Slowbro
|-supereffective|p2a: Slowbro
|split|p2
|-damage|p2a: Slowbro|176/324
|-damage|p2a: Slowbro|55/100
|move|p2a: Slowbro|Snowscape||[still]
|-fail|p2a: Slowbro
|
|-weather|Snowscape|[upkeep]
|upkeep
|turn|4
|
|t:|1767193105
|move|p1a: Grubbin|Knock Off|p2a: Slowbro
|-supereffective|p2a: Slowbro
|split|p2
|-damage|p2a: Slowbro|134/324
|-damage|p2a: Slowbro|42/100
|move|p2a: Slowbro|Snowscape||[still]
|-fail|p2a: Slowbro
|
|-weather|Snowscape|[upkeep]
|upkeep
|turn|5
|
|t:|1767193105
|move|p1a: Grubbin|Knock Off|p2a: Slowbro
|-supereffective|p2a: Slowbro
|split|p2
|-damage|p2a: Slowbro|92/324
|-damage|p2a: Slowbro|29/100
|move|p2a: Slowbro|Snowscape||[still]
|-fail|p2a: Slowbro
|
|-weather|none
|upkeep
|turn|6
|
|t:|1767193105
|move|p1a: Grubbin|Knock Off|p2a: Slowbro
|-supereffective|p2a: Slowbro
|split|p2
|-damage|p2a: Slowbro|50/324
|-damage|p2a: Slowbro|16/100
|move|p2a: Slowbro|Snowscape|p2a: Slowbro
|-weather|Snowscape
|
|-weather|Snowscape|[upkeep]
|upkeep
|turn|7
|
|t:|1767193105
|move|p1a: Grubbin|Knock Off|p2a: Slowbro
|-supereffective|p2a: Slowbro
|split|p2
|-damage|p2a: Slowbro|10/324
|-damage|p2a: Slowbro|4/100
|move|p2a: Slowbro|Snowscape||[still]
|-fail|p2a: Slowbro
|
|-weather|Snowscape|[upkeep]
|upkeep
|turn|8
|
|t:|1767193105
|move|p1a: Grubbin|Knock Off|p2a: Slowbro
|-supereffective|p2a: Slowbro
|split|p2
|-damage|p2a: Slowbro|0 fnt
|-damage|p2a: Slowbro|0 fnt
|faint|p2a: Slowbro
|
|-weather|Snowscape|[upkeep]
|upkeep
|
|t:|1767193105
|split|p2
|switch|p2a: Latias|Latias-Mega, L53, F|168/168
|switch|p2a: Latias|Latias-Mega, L53, F|100/100
|turn|9
|
|t:|1767193105
|move|p2a: Latias|Water Gun|p1a: Grubbin
|split|p1
|-damage|p1a: Grubbin|215/240
|-damage|p1a: Grubbin|90/100
|move|p1a: Grubbin|Knock Off|p2a: Latias
|-supereffective|p2a: Latias
|split|p2
|-damage|p2a: Latias|4/168
|-damage|p2a: Latias|3/100
|-enditem|p2a: Latias|TR61|[from] move: Knock Off|[of] p1a: Grubbin
|
|-weather|Snowscape|[upkeep]
|upkeep
|turn|10
|
|t:|1767193105
|move|p2a: Latias|Water Gun|p1a: Grubbin
|split|p1
|-damage|p1a: Grubbin|189/240
|-damage|p1a: Grubbin|79/100
|move|p1a: Grubbin|Knock Off|p2a: Latias
|-supereffective|p2a: Latias
|split|p2
|-damage|p2a: Latias|0 fnt
|-damage|p2a: Latias|0 fnt
|faint|p2a: Latias
|
|-weather|none
|upkeep
|
|t:|1767193105
|split|p2
|switch|p2a: Mantine|Mantine, L56, F|185/185
|switch|p2a: Mantine|Mantine, L56, F|100/100
|turn|11
|
|t:|1767193105
|move|p1a: Grubbin|Knock Off|p2a: Mantine
|split|p2
|-damage|p2a: Mantine|79/185
|-damage|p2a: Mantine|43/100
|-enditem|p2a: Mantine|Dark Memory|[from] move: Knock Off|[of] p1a: Grubbin
|move|p2a: Mantine|Punishment|p1a: Grubbin
|split|p1
|-damage|p1a: Grubbin|173/240
|-damage|p1a: Grubbin|73/100
|
|upkeep
|turn|12
|
|t:|1767193105
|move|p1a: Grubbin|Knock Off|p2a: Mantine
|split|p2
|-damage|p2a: Mantine|7/185
|-damage|p2a: Mantine|4/100
|move|p2a: Mantine|Punishment|p1a: Grubbin
|split|p1
|-damage|p1a: Grubbin|159/240
|-damage|p1a: Grubbin|67/100
|
|upkeep
|turn|13
|
|t:|1767193105
|move|p1a: Grubbin|Knock Off|p2a: Mantine
|split|p2
|-damage|p2a: Mantine|0 fnt
|-damage|p2a: Mantine|0 fnt
|faint|p2a: Mantine
|
|upkeep
|
|t:|1767193105
|split|p2
|switch|p2a: Cinderace|Cinderace-Gmax, L63, M|206/206
|switch|p2a: Cinderace|Cinderace-Gmax, L63, M|100/100
|turn|14
|
|t:|1767193105
|move|p2a: Cinderace|Psychic|p1a: Grubbin
|split|p1
|-damage|p1a: Grubbin|114/240
|-damage|p1a: Grubbin|48/100
|-unboost|p1a: Grubbin|spd|1
|move|p1a: Grubbin|Knock Off|p2a: Cinderace
|split|p2
|-damage|p2a: Cinderace|122/206
|-damage|p2a: Cinderace|60/100
|-enditem|p2a: Cinderace|Apicot Berry|[from] move: Knock Off|[of] p1a: Grubbin
|
|upkeep
|turn|15
|
|t:|1767193105
|move|p2a: Cinderace|Psychic|p1a: Grubbin
|split|p1
|-damage|p1a: Grubbin|45/240
|-damage|p1a: Grubbin|19/100
|move|p1a: Grubbin|Knock Off|p2a: Cinderace
|split|p2
|-damage|p2a: Cinderace|69/206
|-damage|p2a: Cinderace|34/100
|
|upkeep
|turn|16
|
|t:|1767193105
|move|p2a: Cinderace|Psychic|p1a: Grubbin
|split|p1
|-damage|p1a: Grubbin|0 fnt
|-damage|p1a: Grubbin|0 fnt
|faint|p1a: Grubbin
|
|upkeep
|
|t:|1767193105
|split|p1
|switch|p1a: Genesect|Genesect-Shock, L88|263/263
|switch|p1a: Genesect|Genesect-Shock, L88|100/100
|-ability|p1a: Genesect|Download|boost
|-boost|p1a: Genesect|spa|1
|turn|17
|
|t:|1767193105
|move|p1a: Genesect|Vise Grip|p2a: Cinderace
|split|p2
|-damage|p2a: Cinderace|0 fnt
|-damage|p2a: Cinderace|0 fnt
|faint|p2a: Cinderace
|
|upkeep
|
|t:|1767193105
|split|p2
|switch|p2a: Zacian|Zacian, L95|331/331
|switch|p2a: Zacian|Zacian, L95|100/100
|-ability|p2a: Zacian|Intrepid Sword|boost
|-boost|p2a: Zacian|atk|1
|turn|18
|
|t:|1767193105
|move|p2a: Zacian|Zen Headbutt|p1a: Genesect
|-resisted|p1a: Genesect
|split|p1
|-damage|p1a: Genesect|202/263
|-damage|p1a: Genesect|77/100
|move|p1a: Genesect|Vise Grip|p2a: Zacian
|split|p2
|-damage|p2a: Zacian|297/331
|-damage|p2a: Zacian|90/100
|
|upkeep
|turn|19
|
|t:|1767193105
|move|p2a: Zacian|Zen Headbutt|p1a: Genesect
|-resisted|p1a: Genesect
|split|p1
|-damage|p1a: Genesect|140/263
|-damage|p1a: Genesect|54/100
|move|p1a: Genesect|Vise Grip|p2a: Zacian
|split|p2
|-damage|p2a: Zacian|265/331
|-damage|p2a: Zacian|81/100
|
|upkeep
|turn|20
|
|t:|1767193105
|move|p2a: Zacian|Zen Headbutt|p1a: Genesect
|-resisted|p1a: Genesect
|split|p1
|-damage|p1a: Genesect|75/263
|-damage|p1a: Genesect|29/100
|move|p1a: Genesect|Vise Grip|p2a: Zacian
|split|p2
|-damage|p2a: Zacian|231/331
|-damage|p2a: Zacian|70/100
|
|upkeep
|turn|21
|
|t:|1767193105
|move|p2a: Zacian|Zen Headbutt|p1a: Genesect
|-resisted|p1a: Genesect
|split|p1
|-damage|p1a: Genesect|15/263
|-damage|p1a: Genesect|6/100
|move|p1a: Genesect|Vise Grip|p2a: Zacian
|split|p2
|-damage|p2a: Zacian|196/331
|-damage|p2a: Zacian|60/100
|
|upkeep
|turn|22
|
|t:|1767193105
|move|p2a: Zacian|Zen Headbutt|p1a: Genesect
|-resisted|p1a: Genesect
|split|p1
|-damage|p1a: Genesect|0 fnt
|-damage|p1a: Genesect|0 fnt
|faint|p1a: Genesect
|
|upkeep
|
|t:|1767193105
|split|p1
|switch|p1a: Glimmora|Glimmora, F|322/322
|switch|p1a: Glimmora|Glimmora, F|100/100
|turn|23
|
|t:|1767193105
|move|p2a: Zacian|Zen Headbutt|p1a: Glimmora
|-supereffective|p1a: Glimmora
|split|p1
|-damage|p1a: Glimmora|124/322
|-damage|p1a: Glimmora|39/100
|-activate|p1a: Glimmora|ability: Toxic Debris
|-sidestart|p2: Player 2|move: Toxic Spikes
|move|p1a: Glimmora|Gastro Acid|p2a: Zacian
|-endability|p2a: Zacian
|
|upkeep
|turn|24
|
|t:|1767193105
|move|p2a: Zacian|Zen Headbutt|p1a: Glimmora
|-supereffective|p1a: Glimmora
|split|p1
|-damage|p1a: Glimmora|0 fnt
|-damage|p1a: Glimmora|0 fnt
|-activate|p1a: Glimmora|ability: Toxic Debris
|-sidestart|p2: Player 2|move: Toxic Spikes
|faint|p1a: Glimmora
|
|upkeep
|
|t:|1767193105
|split|p1
|switch|p1a: Golem|Golem-Alola, L98, F|288/288
|switch|p1a: Golem|Golem-Alola, L98, F|100/100
|turn|25
|
|t:|1767193105
|move|p2a: Zacian|Zen Headbutt|p1a: Golem
|split|p1
|-damage|p1a: Golem|197/288
|-damage|p1a: Golem|69/100
|cant|p1a: Golem|flinch
|
|upkeep
|turn|26
|
|t:|1767193105
|move|p2a: Zacian|Zen Headbutt|p1a: Golem
|split|p1
|-damage|p1a: Golem|101/288
|-damage|p1a: Golem|36/100
|move|p1a: Golem|G-Max Terror|p2a: Zacian
|split|p2
|-damage|p2a: Zacian|195/331
|-damage|p2a: Zacian|59/100
|-activate|p2a: Zacian|trapped
|
|upkeep
|turn|27
|
|t:|1767193105
|move|p2a: Zacian|Zen Headbutt|p1a: Golem
|split|p1
|-damage|p1a: Golem|12/288
|-damage|p1a: Golem|5/100
|move|p1a: Golem|G-Max Terror|p2a: Zacian
|split|p2
|-damage|p2a: Zacian|194/331
|-damage|p2a: Zacian|59/100
|
|upkeep
|turn|28
|
|t:|1767193105
|move|p2a: Zacian|Zen Headbutt|p1a: Golem
|split|p1
|-damage|p1a: Golem|0 fnt
|-damage|p1a: Golem|0 fnt
|faint|p1a: Golem
|
|upkeep
|
|t:|1767193105
|split|p1
|switch|p1a: Vivillon|Vivillon-Savanna, L99, F|290/290
|switch|p1a: Vivillon|Vivillon-Savanna, L99, F|100/100
|turn|29
|
|t:|1767193105
|move|p2a: Zacian|Zen Headbutt|p1a: Vivillon|[miss]
|-miss|p2a: Zacian|p1a: Vivillon
|move|p1a: Vivillon|Origin Pulse|p2a: Zacian
|split|p2
|-damage|p2a: Zacian|104/331
|-damage|p2a: Zacian|32/100
|
|upkeep
|turn|30
|
|t:|1767193105
|move|p2a: Zacian|Zen Headbutt|p1a: Vivillon
|split|p1
|-damage|p1a: Vivillon|127/290
|-damage|p1a: Vivillon|44/100
|move|p1a: Vivillon|Origin Pulse|p2a: Zacian|[miss]
|-miss|p1a: Vivillon|p2a: Zacian
|
|upkeep
|turn|31
|
|t:|1767193105
|move|p2a: Zacian|Zen Headbutt|p1a: Vivillon
|-crit|p1a: Vivillon
|split|p1
|-damage|p1a: Vivillon|0 fnt
|-damage|p1a: Vivillon|0 fnt
|faint|p1a: Vivillon
|
|upkeep
|
|t:|1767193105
|split|p1
|switch|p1a: Grovyle|Grovyle, L85, M|208/208
|switch|p1a: Grovyle|Grovyle, L85, M|100/100
|turn|32
|
|t:|1767193105
|move|p2a: Zacian|Zen Headbutt|p1a: Grovyle
|split|p1
|-damage|p1a: Grovyle|0 fnt
|-damage|p1a: Grovyle|0 fnt
|faint|p1a: Grovyle
|
|win|Player 2